<?xml version="1.0" encoding="UTF-8"?>
<!-- Generated by org.testng.reporters.JUnitReportReporter -->
<testsuite skipped="0" hostname="LAPTOP-LE02I758" name="com.test.TestNGLearning.AnnotationsConceptTestNG" tests="2" failures="0" timestamp="13 Sep 2019 06:44:12 GMT" time="0.015" errors="0">
  <testcase name="testMethodLogin" time="0.005" classname="com.test.TestNGLearning.AnnotationsConceptTestNG"/>
  <testcase name="testMethodInitial" time="0.010" classname="com.test.TestNGLearning.AnnotationsConceptTestNG"/>
</testsuite> <!-- com.test.TestNGLearning.AnnotationsConceptTestNG -->
