<?xml version="1.0" encoding="UTF-8"?>
<!-- Generated by org.testng.reporters.JUnitReportReporter -->
<testsuite skipped="0" hostname="LAPTOP-LE02I758" name="AnnotationsConceptTestNG" tests="2" failures="0" timestamp="12 Sep 2019 11:12:34 GMT" time="0.009" errors="0">
  <testcase name="testMethodInitial" time="0.007" classname="AnnotationsConceptTestNG"/>
  <testcase name="testMethodLogin" time="0.002" classname="AnnotationsConceptTestNG"/>
</testsuite> <!-- AnnotationsConceptTestNG -->
