<?xml version="1.0" encoding="UTF-8"?>
<!-- Generated by org.testng.reporters.JUnitReportReporter -->
<testsuite skipped="0" hostname="LAPTOP-LE02I758" name="com.testNGLearning.test.FirstTestNGValidation" tests="2" failures="0" timestamp="14 Sep 2019 09:37:33 GMT" time="32.022" errors="0">
  <testcase name="validatePageTitle" time="18.101" classname="com.testNGLearning.test.FirstTestNGValidation"/>
  <testcase name="enterCredentials" time="13.921" classname="com.testNGLearning.test.FirstTestNGValidation"/>
</testsuite> <!-- com.testNGLearning.test.FirstTestNGValidation -->
