<?xml version="1.0" encoding="UTF-8"?>
<!-- Generated by org.testng.reporters.JUnitReportReporter -->
<testsuite skipped="0" hostname="LAPTOP-LE02I758" name="com.test.TestNGLearning.FirstTestNGValidation" tests="2" failures="0" timestamp="13 Sep 2019 08:59:16 GMT" time="34.595" errors="0">
  <testcase name="validatePageTitle" time="18.356" classname="com.test.TestNGLearning.FirstTestNGValidation"/>
  <testcase name="enterCredentials" time="16.239" classname="com.test.TestNGLearning.FirstTestNGValidation"/>
</testsuite> <!-- com.test.TestNGLearning.FirstTestNGValidation -->
