<?xml version="1.0" encoding="UTF-8"?>
<!-- Generated by org.testng.reporters.JUnitReportReporter -->
<testsuite skipped="0" hostname="LAPTOP-LE02I758" name="com.testNGLearning.test.TestNGParallelExecutionConcept" tests="2" failures="0" timestamp="16 Sep 2019 15:03:57 GMT" time="0.015" errors="0">
  <testcase name="validateEffort" time="0.007" classname="com.testNGLearning.test.TestNGParallelExecutionConcept"/>
  <testcase name="validateEffort" time="0.008" classname="com.testNGLearning.test.TestNGParallelExecutionConcept"/>
</testsuite> <!-- com.testNGLearning.test.TestNGParallelExecutionConcept -->
